                                  SALES & LAYWAY PROCESSING REPORT    20250402
                                             BILGAN KIRIS
                           -                          -                          -

  TRANS     TRANS        PAY        STORE        INVOICE           SKU                     TAX AMOUNT
  CODE      AMOUNT       TYPE       NUM          NUM               CODE
  S          10.00        CA         01           AB-100001        SDFSKJ84MS09123           $1.30
  S         129.99        DB         01           BC-200002        247R20EHF02EF8E          $16.89
  S          89.99        CR         01           DE-300003        WI8HRW8H43FJSHF          $11.69
  L          49.99        DB         01           EA-400004        LFW8H88W84HFW4F           $6.49
  S          29.99        DB         01           CE-800007        WI8HRW8H43FJSHF           $3.89
  S         129.99        DB         01           BD-110009        247R20EHF02EF8E          $16.89
  S          89.99        CR         01           DA-120010        WI8HRW8H43FJSHF          $11.69
  S          10.00        CA         01           AC-130011        SDFSKJ84MS09123           $1.30
  L        1129.99        DB         01           CE-140012        247R20EHF02EF8E         $146.89
  L          10.00        CA         01           CE-160101        SDFSKJ84MS09123           $1.30
  S         129.99        DB         01           AB-170102        247R20EHF02EF8E          $16.89
  S          89.99        CR         01           CD-180103        WI8HRW8H43FJSHF          $11.69
  L          49.99        DB         01           EA-190104        LFW8H88W84HFW4F           $6.49
  S          20.00        CA         01           DE-210105        SDFSKJ84MS09123           $2.60
  S         149.99        CR         01           AD-220106        247R20EHF02EF8E          $19.49
  S          10.00        CA         01           BC-270111        SDFSKJ84MS09123           $1.30
  S        1129.99        DB         01           DE-280112        247R20EHF02EF8E         $146.89
  S           9.99        CR         01           AB-290113        WI8HRW8H43FJSHF           $1.29
  L          49.99        DB         02           CD-300014        LFW8H88W84HFW4F           $6.49
  S         149.99        CR         02           AC-330016        247R20EHF02EF8E          $19.49

Page 1
  S          29.99        DB         02           AE-340017        WI8HRW8H43FJSHF           $3.89
  S         129.99        DB         02           CB-360019        247R20EHF02EF8E          $16.89
  S          89.99        CR         02           DC-370023        WI8HRW8H43FJSHF          $11.69
  L          49.99        DB         02           ED-380024        LFW8H88W84HFW4F           $6.49
  S          20.00        CA         02           AB-400025        SDFSKJ84MS09123           $2.60
  S         149.99        CR         02           AC-410026        247R20EHF02EF8E          $19.49
  S          29.99        DB         02           AD-420027        WI8HRW8H43FJSHF           $3.89
  S          10.00        CA         02           AE-430028        SDFSKJ84MS09123           $1.30
  S         129.99        DB         02           BA-440029        247R20EHF02EF8E          $16.89
  S        1129.99        DB         02           BE-470032        247R20EHF02EF8E         $146.89
  L         149.99        DB         02           CB-490034        LFW8H88W84HFW4F          $19.49
  L          49.99        DB         02           DC-540214        LFW8H88W84HFW4F           $6.49
  S         149.99        CR         02           EB-570216        247R20EHF02EF8E          $19.49
  S          10.00        CA         02           ED-590201        AADFSKJ84MS0913           $1.30
  S          89.99        CR         02           AC-610223        WI8HRW8H43FJSHF          $11.69
  L          49.99        DB         02           AD-620224        LFW8H88W84HFW4F           $6.49
  S          29.99        DB         02           EC-660227        WI8HRW8H43FJSHF           $3.89
  S          10.00        CA         02           ED-670228        SDFSKJ84MS09123           $1.30
  S         129.99        DB         02           BA-680229        247R20EHF02EF8E          $16.89
  S          89.99        CR         02           BD-690230        WI8HRW8H43FJSHF          $11.69

Page 2
  S          10.00        CA         02           BE-700231        SDFSKJ84MS09123           $1.30
  S        1129.99        DB         02           BC-710232        247R20EHF02EF8E         $146.89
  S           9.99        CR         02           CA-720233        WI8HRW8H43FJSHF           $1.29
  S          29.99        DB         02           DB-760337        WI8HRW8H43FJSH2           $3.89
  S          10.00        CA         03           DC-770401        SDFSKJ84MS09123           $1.30
  S         129.99        DB         03           DE-780402        247R20EHF02EF8E          $16.89
  S          89.99        CR         03           EA-790403        WI8HRW8H43FJSHF          $11.69
  L          49.99        DB         03           EB-800404        LFW8H88W84HFW4F           $6.49
  S          20.00        CA         03           ED-820405        SDFSKJ84MS09123           $2.60
  S         149.99        CR         03           AB-830406        247R20EHF02EF8E          $19.49
  S          29.99        DB         03           AC-840407        WI8HRW8H43FJSHF           $3.89
  S         129.99        DB         03           AE-860409        247R20EHF02EF8E          $16.89
  S          10.00        CA         03           BD-880411        SDFSKJ84MS09123           $1.30
  L        1129.99        DB         03           DE-890412        247R20EHF02EF8E         $146.89
  S         129.99        DB         04           BD-100509        247R20EHF02EF8E          $16.89
  S          10.00        CA         04           CA-102511        SDFSKJ84MS09123           $1.30
  S        1129.99        DB         04           CD-103512        247R20EHF02EF8E         $146.89
  S           9.99        CR         04           CE-104513        WI8HRW8H43FJSHF           $1.29
  L          49.99        DB         04           DA-105514        LFW8H88W84HFW4F           $6.49
  S         149.99        CR         05           DE-108516        247R20EHF02EF8E          $19.49

Page 3
  S          29.99        DB         05           ED-109517        WI8HRW8H43FJSHF           $3.89
  S         729.99        DB         05           EB-111519        247R20EHF02EF8E          $94.89
  S          89.99        CR         05           EA-112523        WI8HRW8H43FJSHF          $11.69
  S          20.00        CA         05           DB-115525        SDFSKJ84MS09123           $2.60
  S         149.99        CR         05           DA-116526        247R20EHF02EF8E          $19.49
  S          29.99        DB         05           CA-117527        WI8HRW8H43FJSHF           $3.89
  S          10.00        CA         05           CB-118528        SDFSKJ84MS09123           $1.30
  S         129.49        CA         05           CD-119529        247R20EHF02EF8E          $16.83
  S          89.99        CR         12           CE-120530        WI8HRW8H43FJSHF          $11.69
  S        8010.00        CA         12           DA-121631        SDFSKJ84MS09123          $41.30
  S        1129.99        DB         12           DB-122632        247R20EHF02EF8E         $146.89
  L         149.99        DB         12           DE-124634        LFW8H88W84HFW4F          $19.49
  L          49.99        DB         12           AB-129614        LFW8H88W84HFW4F           $6.49
  S         149.99        CR         12           AE-132616        247R20EHF02EF8E          $19.49
  S          10.00        CA         02           BC-134601        AADFSKJ84MS0913           $1.30
  L          49.99        DB         05           CA-137624        LFW8H88W84HFW4F           $6.49
  S          20.00        CA         01           CD-139625        SDFSKJ84MS09123           $2.60
  S         149.99        CR         02           CE-140626        247R20EHF02EF8E          $19.49
  S          29.99        DB         03           DA-141627        WI8HRW8H43FJSHF           $3.89
  S          10.00        CA         04           DB-142628        SDFSKJ84MS09123           $1.30

Page 4
  S          89.99        CR         12           DE-144630        WI8HRW8H43FJSHF          $11.69
  S          10.00        CA         01           EA-145631        SDFSKJ84MS09123           $1.30
  S        1129.99        DB         02           EB-146632        247R20EHF02EF8E         $146.89
  S           9.99        CR         03           EC-147633        WI8HRW8H43FJSHF           $1.29
  L         149.99        DB         04           ED-148634        LFW8H88W84HFW4F          $19.49

                                               ITEM         TRAN              TAX
  DESCRIPTION                 STORE NUM        COUNT        AMOUNT           OWING       PERCENT

  Sale Records:                                 69        $19,619.01       $2,550.47
  Layway Records:                               16        $3,219.85        $418.58
  S&L Records:                                  85        $22,838.86       $2,969.05

  S&L for Store:                01              20         $3,299.87         $428.98
  S&L for Store:                02              29         $5,199.77         $675.97
  S&L for Store:                03              12         $1,789.91         $232.68
  S&L for Store:                04              07         $1,489.95         $193.69
  S&L for Store:                05              10         $1,389.42         $180.62
  S&L for Store:                12              07         $9,669.94       $1,257.09

  Payment Type:                 CA              22         $8,389.49       $1,090.63     25.88%
  Payment Type:                 CR              23         $2,289.77         $297.67     27.05%
  Payment Type:                 DB              40        $12,159.60       $1,580.74     47.05%

  Store with largest SL total:   12
  Store with smallest SL total:   5