                                                                                    Bilgan Kiris, Assingment 5     250313    10365594

                                         call centre volumes for july - june
0  operator  operator      jul    aug    sep    oct    nov    dec    jan    feb    mar    apr    may    jun    total    avg    rem
      #        name
     A12      JOHN         100    129     88     92    111     74     92    114    112     77    121     80    1190      99       2
     A14      ANNE          92    114    112     77    121     80    100    129     88     92    111     74    1190      99       2
     B10      ADAM           0      0      0      0      0      0    104    129     88     92      0      0     413     103       1
     B12      JOANNE       104    129     88     92      0      0     65      0     45     67     87    100     777      86       3
     B13      LEE          119    104     80     95    131     74     92    111     74     92    114    112    1198      99      10
     B14      MARGARET      90      0      0      0    120    121    112     77    121     80    100    129     950     105       5
     B35      NOAH           0      0      0      0      0      0      0      0      0      0      0      0       0    ZERO       0
     C09      SAM          102    102    129    120     99     98    129     88     92    111     74     92    1236     103       0
     C11      JOHNNY        88     87     43      0      0     50      0      1    201    211    120    771    1572     174       6
     C13      HELEN        130    131    140    112    125    126    102    102    129    120     99     98    1414     117      10
     C17      DOMINIC       99    100     99     99     99     99     11    212    512    610    210    212    2362     196      10
     C19      GERRY        120    118    120    110    110     94     10    112    109    813    411    910    3037     253       1
     C21      EARL         114      0    129      0    130    130     99     99     99     11    212    512    1535     153       5
     C22      AMANDA         0      0      0      0      0      0      0      0      0      0      0      0       0    ZERO       0
     C23      GEORGE         0      0    123      0      0      0     86      0      0      0    202      0     411     137       0
     C25      MELISSA      134    130    101    121     98    134    119    104     80     95    131     74    1321     110       1
     C27      JIM           65      0     45     67     87    100      0      0      0      0      0      0     364      72       4
     D10      THEO          80     95    131     74     92    111     74     92    114    112    131     74    1180      98       4
     D25      KIMMIE       129     88     92      0     21    291    200    990     74     92    114    112    2203     200       3
     E14      MARK          12    111    207    707    409    211    411    213    107    480    100    129    3097     258       1
     E52      JEREMY        65      0     45     67     87     41    290    880      4    506    708    710    3403     309       4

     Operators with calls   17     13     17     13     15     16     17     16     17     17     17     16
     Totals               1643   1438   1772   1833   1840   1834   2096   3453   2049   3661   3045   4189     28853   2771    72
     Averages              96    110    104    141    122    114    123    215    120    215    179    261

     number of operators with no calls:     2
     number of months with no calls:        61
     operator with the highest monthly average:    E52    309
     operator with the lowest monthly average:     C27     72
     month with highest monthly average:    12  JUN
     overall total calls:               28853